<?xml version="1.0" encoding="UTF-8"?>
<testng-results ignored="8" total="13" passed="3" failed="2" skipped="0">
  <reporter-output>
  </reporter-output>
  <suite started-at="2023-02-19T11:50:59 IST" name="Suite" finished-at="2023-02-19T11:51:27 IST" duration-ms="28420">
    <groups>
    </groups>
    <test started-at="2023-02-19T11:50:59 IST" name="Test" finished-at="2023-02-19T11:51:27 IST" duration-ms="28420">
      <class name="com.sauceDemo.TestClasses.TC01_VerifyLoginFunctionality">
        <test-method is-config="true" signature="beforeSuite()[pri:0, instance:com.sauceDemo.TestClasses.TC01_VerifyLoginFunctionality@661972b0]" started-at="2023-02-19T11:50:58 IST" name="beforeSuite" finished-at="2023-02-19T11:50:59 IST" duration-ms="180" status="PASS">
          <reporter-output>
          </reporter-output>
        </test-method> <!-- beforeSuite -->
        <test-method is-config="true" signature="beforeClass(java.lang.String)[pri:0, instance:com.sauceDemo.TestClasses.TC01_VerifyLoginFunctionality@661972b0]" started-at="2023-02-19T11:50:59 IST" name="beforeClass" finished-at="2023-02-19T11:51:02 IST" duration-ms="3575" status="PASS">
          <params>
            <param index="0">
              <value>
                <![CDATA[chrome]]>
              </value>
            </param>
          </params>
          <reporter-output>
          </reporter-output>
        </test-method> <!-- beforeClass -->
        <test-method is-config="true" signature="setUp()[pri:0, instance:com.sauceDemo.TestClasses.TC01_VerifyLoginFunctionality@661972b0]" started-at="2023-02-19T11:51:02 IST" name="setUp" finished-at="2023-02-19T11:51:02 IST" duration-ms="245" status="PASS">
          <reporter-output>
          </reporter-output>
        </test-method> <!-- setUp -->
        <test-method signature="verifyLoginFunctionality()[pri:0, instance:com.sauceDemo.TestClasses.TC01_VerifyLoginFunctionality@661972b0]" started-at="2023-02-19T11:51:02 IST" name="verifyLoginFunctionality" finished-at="2023-02-19T11:51:02 IST" duration-ms="21" status="PASS">
          <reporter-output>
          </reporter-output>
        </test-method> <!-- verifyLoginFunctionality -->
        <test-method is-config="true" signature="tearDown()[pri:0, instance:com.sauceDemo.TestClasses.TC01_VerifyLoginFunctionality@661972b0]" started-at="2023-02-19T11:51:02 IST" name="tearDown" finished-at="2023-02-19T11:51:03 IST" duration-ms="225" status="PASS">
          <reporter-output>
          </reporter-output>
        </test-method> <!-- tearDown -->
        <test-method is-config="true" signature="afterClass()[pri:0, instance:com.sauceDemo.TestClasses.TC01_VerifyLoginFunctionality@661972b0]" started-at="2023-02-19T11:51:03 IST" name="afterClass" finished-at="2023-02-19T11:51:03 IST" duration-ms="181" status="PASS">
          <reporter-output>
          </reporter-output>
        </test-method> <!-- afterClass -->
        <test-method is-config="true" signature="afterSuit()[pri:0, instance:com.sauceDemo.TestClasses.TC01_VerifyLoginFunctionality@661972b0]" started-at="2023-02-19T11:51:27 IST" name="afterSuit" finished-at="2023-02-19T11:51:27 IST" duration-ms="273" status="PASS">
          <reporter-output>
          </reporter-output>
        </test-method> <!-- afterSuit -->
      </class> <!-- com.sauceDemo.TestClasses.TC01_VerifyLoginFunctionality -->
      <class name="com.sauceDemo.TestClasses.TC03_VerifyAllProductsCanBeAddedToCart">
        <test-method is-config="true" signature="beforeClass(java.lang.String)[pri:0, instance:com.sauceDemo.TestClasses.TC03_VerifyAllProductsCanBeAddedToCart@359f7cdf]" started-at="2023-02-19T11:51:06 IST" name="beforeClass" finished-at="2023-02-19T11:51:08 IST" duration-ms="1996" status="PASS">
          <params>
            <param index="0">
              <value>
                <![CDATA[chrome]]>
              </value>
            </param>
          </params>
          <reporter-output>
          </reporter-output>
        </test-method> <!-- beforeClass -->
        <test-method is-config="true" signature="setUp()[pri:0, instance:com.sauceDemo.TestClasses.TC03_VerifyAllProductsCanBeAddedToCart@359f7cdf]" started-at="2023-02-19T11:51:08 IST" name="setUp" finished-at="2023-02-19T11:51:08 IST" duration-ms="229" status="PASS">
          <reporter-output>
          </reporter-output>
        </test-method> <!-- setUp -->
        <test-method signature="verifyAllProductsCanBeAddedToCart()[pri:0, instance:com.sauceDemo.TestClasses.TC03_VerifyAllProductsCanBeAddedToCart@359f7cdf]" started-at="2023-02-19T11:51:08 IST" name="verifyAllProductsCanBeAddedToCart" finished-at="2023-02-19T11:51:19 IST" duration-ms="11077" status="FAIL">
          <exception class="java.lang.AssertionError">
            <message>
              <![CDATA[expected [6] but found [5]]]>
            </message>
            <full-stacktrace>
              <![CDATA[java.lang.AssertionError: expected [6] but found [5]
at org.testng.Assert.fail(Assert.java:99)
at org.testng.Assert.failNotEquals(Assert.java:1037)
at org.testng.Assert.assertEqualsImpl(Assert.java:140)
at org.testng.Assert.assertEquals(Assert.java:122)
at org.testng.Assert.assertEquals(Assert.java:629)
at org.testng.Assert.assertEquals(Assert.java:639)
at com.sauceDemo.TestClasses.TC03_VerifyAllProductsCanBeAddedToCart.verifyAllProductsCanBeAddedToCart(TC03_VerifyAllProductsCanBeAddedToCart.java:26)
at java.base/jdk.internal.reflect.DirectMethodHandleAccessor.invoke(DirectMethodHandleAccessor.java:104)
at java.base/java.lang.reflect.Method.invoke(Method.java:577)
at org.testng.internal.MethodInvocationHelper.invokeMethod(MethodInvocationHelper.java:133)
at org.testng.internal.TestInvoker.invokeMethod(TestInvoker.java:598)
at org.testng.internal.TestInvoker.invokeTestMethod(TestInvoker.java:173)
at org.testng.internal.MethodRunner.runInSequence(MethodRunner.java:46)
at org.testng.internal.TestInvoker$MethodInvocationAgent.invoke(TestInvoker.java:824)
at org.testng.internal.TestInvoker.invokeTestMethods(TestInvoker.java:146)
at org.testng.internal.TestMethodWorker.invokeTestMethods(TestMethodWorker.java:146)
at org.testng.internal.TestMethodWorker.run(TestMethodWorker.java:128)
at java.base/java.util.ArrayList.forEach(ArrayList.java:1511)
at org.testng.TestRunner.privateRun(TestRunner.java:794)
at org.testng.TestRunner.run(TestRunner.java:596)
at org.testng.SuiteRunner.runTest(SuiteRunner.java:377)
at org.testng.SuiteRunner.runSequentially(SuiteRunner.java:371)
at org.testng.SuiteRunner.privateRun(SuiteRunner.java:332)
at org.testng.SuiteRunner.run(SuiteRunner.java:276)
at org.testng.SuiteRunnerWorker.runSuite(SuiteRunnerWorker.java:53)
at org.testng.SuiteRunnerWorker.run(SuiteRunnerWorker.java:96)
at org.testng.TestNG.runSuitesSequentially(TestNG.java:1212)
at org.testng.TestNG.runSuitesLocally(TestNG.java:1134)
at org.testng.TestNG.runSuites(TestNG.java:1063)
at org.testng.TestNG.run(TestNG.java:1031)
at org.testng.remote.AbstractRemoteTestNG.run(AbstractRemoteTestNG.java:115)
at org.testng.remote.RemoteTestNG.initAndRun(RemoteTestNG.java:251)
at org.testng.remote.RemoteTestNG.main(RemoteTestNG.java:77)
]]>
            </full-stacktrace>
          </exception> <!-- java.lang.AssertionError -->
          <reporter-output>
          </reporter-output>
        </test-method> <!-- verifyAllProductsCanBeAddedToCart -->
        <test-method is-config="true" signature="tearDown()[pri:0, instance:com.sauceDemo.TestClasses.TC03_VerifyAllProductsCanBeAddedToCart@359f7cdf]" started-at="2023-02-19T11:51:19 IST" name="tearDown" finished-at="2023-02-19T11:51:19 IST" duration-ms="142" status="PASS">
          <reporter-output>
          </reporter-output>
        </test-method> <!-- tearDown -->
        <test-method is-config="true" signature="afterClass()[pri:0, instance:com.sauceDemo.TestClasses.TC03_VerifyAllProductsCanBeAddedToCart@359f7cdf]" started-at="2023-02-19T11:51:19 IST" name="afterClass" finished-at="2023-02-19T11:51:19 IST" duration-ms="142" status="PASS">
          <reporter-output>
          </reporter-output>
        </test-method> <!-- afterClass -->
      </class> <!-- com.sauceDemo.TestClasses.TC03_VerifyAllProductsCanBeAddedToCart -->
      <class name="com.sauceDemo.TestClasses.TC02_VerifyLogoutFunctionality">
        <test-method is-config="true" signature="beforeClass(java.lang.String)[pri:0, instance:com.sauceDemo.TestClasses.TC02_VerifyLogoutFunctionality@4f18837a]" started-at="2023-02-19T11:51:03 IST" name="beforeClass" finished-at="2023-02-19T11:51:05 IST" duration-ms="2186" status="PASS">
          <params>
            <param index="0">
              <value>
                <![CDATA[chrome]]>
              </value>
            </param>
          </params>
          <reporter-output>
          </reporter-output>
        </test-method> <!-- beforeClass -->
        <test-method is-config="true" signature="setUp()[pri:0, instance:com.sauceDemo.TestClasses.TC02_VerifyLogoutFunctionality@4f18837a]" started-at="2023-02-19T11:51:05 IST" name="setUp" finished-at="2023-02-19T11:51:05 IST" duration-ms="238" status="PASS">
          <reporter-output>
          </reporter-output>
        </test-method> <!-- setUp -->
        <test-method signature="verifyLogoutFunctionality()[pri:0, instance:com.sauceDemo.TestClasses.TC02_VerifyLogoutFunctionality@4f18837a]" started-at="2023-02-19T11:51:05 IST" name="verifyLogoutFunctionality" finished-at="2023-02-19T11:51:05 IST" duration-ms="7" status="PASS">
          <reporter-output>
          </reporter-output>
        </test-method> <!-- verifyLogoutFunctionality -->
        <test-method is-config="true" signature="tearDown()[pri:0, instance:com.sauceDemo.TestClasses.TC02_VerifyLogoutFunctionality@4f18837a]" started-at="2023-02-19T11:51:05 IST" name="tearDown" finished-at="2023-02-19T11:51:06 IST" duration-ms="233" status="PASS">
          <reporter-output>
          </reporter-output>
        </test-method> <!-- tearDown -->
        <test-method is-config="true" signature="afterClass()[pri:0, instance:com.sauceDemo.TestClasses.TC02_VerifyLogoutFunctionality@4f18837a]" started-at="2023-02-19T11:51:06 IST" name="afterClass" finished-at="2023-02-19T11:51:06 IST" duration-ms="184" status="PASS">
          <reporter-output>
          </reporter-output>
        </test-method> <!-- afterClass -->
      </class> <!-- com.sauceDemo.TestClasses.TC02_VerifyLogoutFunctionality -->
      <class name="com.sauceDemo.TestClasses.TC05_VerifyProductCanBeSelectedAndMovedToCheckout">
        <test-method is-config="true" signature="beforeClass(java.lang.String)[pri:0, instance:com.sauceDemo.TestClasses.TC05_VerifyProductCanBeSelectedAndMovedToCheckout@4f6ee6e4]" started-at="2023-02-19T11:51:22 IST" name="beforeClass" finished-at="2023-02-19T11:51:24 IST" duration-ms="2022" status="PASS">
          <params>
            <param index="0">
              <value>
                <![CDATA[chrome]]>
              </value>
            </param>
          </params>
          <reporter-output>
          </reporter-output>
        </test-method> <!-- beforeClass -->
        <test-method is-config="true" signature="setUp()[pri:0, instance:com.sauceDemo.TestClasses.TC05_VerifyProductCanBeSelectedAndMovedToCheckout@4f6ee6e4]" started-at="2023-02-19T11:51:24 IST" name="setUp" finished-at="2023-02-19T11:51:24 IST" duration-ms="272" status="PASS">
          <reporter-output>
          </reporter-output>
        </test-method> <!-- setUp -->
        <test-method signature="verifyProductCanBeSelectedAndMovedToCheckout()[pri:0, instance:com.sauceDemo.TestClasses.TC05_VerifyProductCanBeSelectedAndMovedToCheckout@4f6ee6e4]" started-at="2023-02-19T11:51:24 IST" name="verifyProductCanBeSelectedAndMovedToCheckout" finished-at="2023-02-19T11:51:27 IST" duration-ms="2244" status="PASS">
          <reporter-output>
          </reporter-output>
        </test-method> <!-- verifyProductCanBeSelectedAndMovedToCheckout -->
        <test-method is-config="true" signature="tearDown()[pri:0, instance:com.sauceDemo.TestClasses.TC05_VerifyProductCanBeSelectedAndMovedToCheckout@4f6ee6e4]" started-at="2023-02-19T11:51:27 IST" name="tearDown" finished-at="2023-02-19T11:51:27 IST" duration-ms="185" status="PASS">
          <reporter-output>
          </reporter-output>
        </test-method> <!-- tearDown -->
        <test-method is-config="true" signature="afterClass()[pri:0, instance:com.sauceDemo.TestClasses.TC05_VerifyProductCanBeSelectedAndMovedToCheckout@4f6ee6e4]" started-at="2023-02-19T11:51:27 IST" name="afterClass" finished-at="2023-02-19T11:51:27 IST" duration-ms="116" status="PASS">
          <reporter-output>
          </reporter-output>
        </test-method> <!-- afterClass -->
      </class> <!-- com.sauceDemo.TestClasses.TC05_VerifyProductCanBeSelectedAndMovedToCheckout -->
      <class name="com.sauceDemo.TestClasses.TC04_VerifyTheFliterFunctionality">
        <test-method is-config="true" signature="beforeClass(java.lang.String)[pri:0, instance:com.sauceDemo.TestClasses.TC04_VerifyTheFliterFunctionality@1fa268de]" started-at="2023-02-19T11:51:19 IST" name="beforeClass" finished-at="2023-02-19T11:51:21 IST" duration-ms="1932" status="PASS">
          <params>
            <param index="0">
              <value>
                <![CDATA[chrome]]>
              </value>
            </param>
          </params>
          <reporter-output>
          </reporter-output>
        </test-method> <!-- beforeClass -->
        <test-method is-config="true" signature="setUp()[pri:0, instance:com.sauceDemo.TestClasses.TC04_VerifyTheFliterFunctionality@1fa268de]" started-at="2023-02-19T11:51:21 IST" name="setUp" finished-at="2023-02-19T11:51:22 IST" duration-ms="272" status="PASS">
          <reporter-output>
          </reporter-output>
        </test-method> <!-- setUp -->
        <test-method signature="verifyTheFliterFunctionality()[pri:0, instance:com.sauceDemo.TestClasses.TC04_VerifyTheFliterFunctionality@1fa268de]" started-at="2023-02-19T11:51:22 IST" name="verifyTheFliterFunctionality" finished-at="2023-02-19T11:51:22 IST" duration-ms="282" status="FAIL">
          <exception class="java.lang.AssertionError">
            <message>
              <![CDATA[expected [] but found [Name (A to Z)
Name (Z to A)
Price (low to high)
Price (high to low)]]]>
            </message>
            <full-stacktrace>
              <![CDATA[java.lang.AssertionError: expected [] but found [Name (A to Z)
Name (Z to A)
Price (low to high)
Price (high to low)]
at org.testng.Assert.fail(Assert.java:99)
at org.testng.Assert.failNotEquals(Assert.java:1037)
at org.testng.Assert.assertEqualsImpl(Assert.java:140)
at org.testng.Assert.assertEquals(Assert.java:122)
at org.testng.Assert.assertEquals(Assert.java:629)
at org.testng.Assert.assertEquals(Assert.java:639)
at com.sauceDemo.TestClasses.TC04_VerifyTheFliterFunctionality.verifyTheFliterFunctionality(TC04_VerifyTheFliterFunctionality.java:26)
at java.base/jdk.internal.reflect.DirectMethodHandleAccessor.invoke(DirectMethodHandleAccessor.java:104)
at java.base/java.lang.reflect.Method.invoke(Method.java:577)
at org.testng.internal.MethodInvocationHelper.invokeMethod(MethodInvocationHelper.java:133)
at org.testng.internal.TestInvoker.invokeMethod(TestInvoker.java:598)
at org.testng.internal.TestInvoker.invokeTestMethod(TestInvoker.java:173)
at org.testng.internal.MethodRunner.runInSequence(MethodRunner.java:46)
at org.testng.internal.TestInvoker$MethodInvocationAgent.invoke(TestInvoker.java:824)
at org.testng.internal.TestInvoker.invokeTestMethods(TestInvoker.java:146)
at org.testng.internal.TestMethodWorker.invokeTestMethods(TestMethodWorker.java:146)
at org.testng.internal.TestMethodWorker.run(TestMethodWorker.java:128)
at java.base/java.util.ArrayList.forEach(ArrayList.java:1511)
at org.testng.TestRunner.privateRun(TestRunner.java:794)
at org.testng.TestRunner.run(TestRunner.java:596)
at org.testng.SuiteRunner.runTest(SuiteRunner.java:377)
at org.testng.SuiteRunner.runSequentially(SuiteRunner.java:371)
at org.testng.SuiteRunner.privateRun(SuiteRunner.java:332)
at org.testng.SuiteRunner.run(SuiteRunner.java:276)
at org.testng.SuiteRunnerWorker.runSuite(SuiteRunnerWorker.java:53)
at org.testng.SuiteRunnerWorker.run(SuiteRunnerWorker.java:96)
at org.testng.TestNG.runSuitesSequentially(TestNG.java:1212)
at org.testng.TestNG.runSuitesLocally(TestNG.java:1134)
at org.testng.TestNG.runSuites(TestNG.java:1063)
at org.testng.TestNG.run(TestNG.java:1031)
at org.testng.remote.AbstractRemoteTestNG.run(AbstractRemoteTestNG.java:115)
at org.testng.remote.RemoteTestNG.initAndRun(RemoteTestNG.java:251)
at org.testng.remote.RemoteTestNG.main(RemoteTestNG.java:77)
]]>
            </full-stacktrace>
          </exception> <!-- java.lang.AssertionError -->
          <reporter-output>
          </reporter-output>
        </test-method> <!-- verifyTheFliterFunctionality -->
        <test-method is-config="true" signature="tearDown()[pri:0, instance:com.sauceDemo.TestClasses.TC04_VerifyTheFliterFunctionality@1fa268de]" started-at="2023-02-19T11:51:22 IST" name="tearDown" finished-at="2023-02-19T11:51:22 IST" duration-ms="229" status="PASS">
          <reporter-output>
          </reporter-output>
        </test-method> <!-- tearDown -->
        <test-method is-config="true" signature="afterClass()[pri:0, instance:com.sauceDemo.TestClasses.TC04_VerifyTheFliterFunctionality@1fa268de]" started-at="2023-02-19T11:51:22 IST" name="afterClass" finished-at="2023-02-19T11:51:22 IST" duration-ms="154" status="PASS">
          <reporter-output>
          </reporter-output>
        </test-method> <!-- afterClass -->
      </class> <!-- com.sauceDemo.TestClasses.TC04_VerifyTheFliterFunctionality -->
    </test> <!-- Test -->
  </suite> <!-- Suite -->
</testng-results>
